# JRE version: OpenJDK Runtime Environment Corretto-17.0.10.7.1 (17.0.10+7) (build 17.0.10+7-LTS)
# Java VM: OpenJDK 64-Bit Server VM Corretto-17.0.10.7.1 (17.0.10+7-LTS, mixed mode, sharing, tiered, compressed oops, compressed class ptrs, g1 gc, windows-amd64)
GC Precious Log:
 CPUs: 8 total, 8 available
 Memory: 7985M
 Large Page Support: Disabled
 NUMA Support: Disabled
 Compressed Oops: Enabled (Zero based)
 Heap Region Size: 4M
 Heap Min Capacity: 8M
 Heap Initial Capacity: 128M
 Heap Max Capacity: 4608M
 Pre-touch: Disabled
 Parallel Workers: 8
 Concurrent Workers: 2
 Concurrent Refinement Workers: 8
 Periodic GC: Disabled
Heap:
 garbage-first heap   total 802816K, used 289674K [0x00000006e0000000, 0x0000000800000000)
  region size 4096K, 2 young (8192K), 2 survivors (8192K)
 Metaspace       used 126702K, committed 128192K, reserved 1179648K
  class space    used 17171K, committed 17856K, reserved 1048576K
GC Heap History (20 events):
Event: 121.606 GC heap after
{Heap after GC invocations=66 (full 0):
 garbage-first heap   total 802816K, used 255836K [0x00000006e0000000, 0x0000000800000000)
  region size 4096K, 2 young (8192K), 2 survivors (8192K)
 Metaspace       used 123974K, committed 125504K, reserved 1179648K
  class space    used 16984K, committed 17664K, reserved 1048576K
}
Event: 122.644 GC heap before
{Heap before GC invocations=66 (full 0):
 garbage-first heap   total 802816K, used 620380K [0x00000006e0000000, 0x0000000800000000)
  region size 4096K, 92 young (376832K), 2 survivors (8192K)
 Metaspace       used 125057K, committed 126592K, reserved 1179648K
  class space    used 17108K, committed 17792K, reserved 1048576K
}
Event: 122.664 GC heap after
{Heap after GC invocations=67 (full 0):
 garbage-first heap   total 802816K, used 281898K [0x00000006e0000000, 0x0000000800000000)
  region size 4096K, 9 young (36864K), 9 survivors (36864K)
 Metaspace       used 125057K, committed 126592K, reserved 1179648K
  class space    used 17108K, committed 17792K, reserved 1048576K
}
Event: 123.146 GC heap before
{Heap before GC invocations=67 (full 0):
 garbage-first heap   total 802816K, used 625962K [0x00000006e0000000, 0x0000000800000000)
  region size 4096K, 94 young (385024K), 9 survivors (36864K)
 Metaspace       used 125395K, committed 126912K, reserved 1179648K
  class space    used 17123K, committed 17792K, reserved 1048576K
}
Event: 123.174 GC heap after
{Heap after GC invocations=68 (full 0):
 garbage-first heap   total 802816K, used 304066K [0x00000006e0000000, 0x0000000800000000)
  region size 4096K, 10 young (40960K), 10 survivors (40960K)
 Metaspace       used 125395K, committed 126912K, reserved 1179648K
  class space    used 17123K, committed 17792K, reserved 1048576K
}
Event: 123.931 GC heap before
{Heap before GC invocations=68 (full 0):
 garbage-first heap   total 802816K, used 627650K [0x00000006e0000000, 0x0000000800000000)
  region size 4096K, 89 young (364544K), 10 survivors (40960K)
 Metaspace       used 126058K, committed 127616K, reserved 1179648K
  class space    used 17154K, committed 17856K, reserved 1048576K
}
Event: 123.957 GC heap after
{Heap after GC invocations=69 (full 0):
 garbage-first heap   total 802816K, used 312442K [0x00000006e0000000, 0x0000000800000000)
  region size 4096K, 4 young (16384K), 4 survivors (16384K)
 Metaspace       used 126058K, committed 127616K, reserved 1179648K
  class space    used 17154K, committed 17856K, reserved 1048576K
}
Event: 124.965 GC heap before
{Heap before GC invocations=70 (full 0):
 garbage-first heap   total 802816K, used 640122K [0x00000006e0000000, 0x0000000800000000)
  region size 4096K, 84 young (344064K), 4 survivors (16384K)
 Metaspace       used 126089K, committed 127680K, reserved 1179648K
  class space    used 17146K, committed 17856K, reserved 1048576K
}
Event: 124.977 GC heap after
{Heap after GC invocations=71 (full 0):
 garbage-first heap   total 802816K, used 313464K [0x00000006e0000000, 0x0000000800000000)
  region size 4096K, 4 young (16384K), 4 survivors (16384K)
 Metaspace       used 126089K, committed 127680K, reserved 1179648K
  class space    used 17146K, committed 17856K, reserved 1048576K
}
Event: 125.023 GC heap before
{Heap before GC invocations=71 (full 0):
 garbage-first heap   total 802816K, used 333944K [0x00000006e0000000, 0x0000000800000000)
  region size 4096K, 9 young (36864K), 4 survivors (16384K)
 Metaspace       used 126092K, committed 127680K, reserved 1179648K
  class space    used 17146K, committed 17856K, reserved 1048576K
}
Event: 125.035 GC heap after
{Heap after GC invocations=72 (full 0):
 garbage-first heap   total 802816K, used 292583K [0x00000006e0000000, 0x0000000800000000)
  region size 4096K, 2 young (8192K), 2 survivors (8192K)
 Metaspace       used 126092K, committed 127680K, reserved 1179648K
  class space    used 17146K, committed 17856K, reserved 1048576K
}
Event: 125.828 GC heap before
{Heap before GC invocations=72 (full 0):
 garbage-first heap   total 802816K, used 648935K [0x00000006e0000000, 0x0000000800000000)
  region size 4096K, 89 young (364544K), 2 survivors (8192K)
 Metaspace       used 126129K, committed 127680K, reserved 1179648K
  class space    used 17147K, committed 17856K, reserved 1048576K
}
Event: 125.834 GC heap after
{Heap after GC invocations=73 (full 0):
 garbage-first heap   total 802816K, used 293795K [0x00000006e0000000, 0x0000000800000000)
  region size 4096K, 2 young (8192K), 2 survivors (8192K)
 Metaspace       used 126129K, committed 127680K, reserved 1179648K
  class space    used 17147K, committed 17856K, reserved 1048576K
}
Event: 127.037 GC heap before
{Heap before GC invocations=73 (full 0):
 garbage-first heap   total 802816K, used 662435K [0x00000006e0000000, 0x0000000800000000)
  region size 4096K, 92 young (376832K), 2 survivors (8192K)
 Metaspace       used 126287K, committed 127808K, reserved 1179648K
  class space    used 17160K, committed 17856K, reserved 1048576K
}
Event: 127.044 GC heap after
{Heap after GC invocations=74 (full 0):
 garbage-first heap   total 802816K, used 295391K [0x00000006e0000000, 0x0000000800000000)
  region size 4096K, 2 young (8192K), 2 survivors (8192K)
 Metaspace       used 126287K, committed 127808K, reserved 1179648K
  class space    used 17160K, committed 17856K, reserved 1048576K
}
Event: 128.741 GC heap before
{Heap before GC invocations=74 (full 0):
 garbage-first heap   total 802816K, used 672223K [0x00000006e0000000, 0x0000000800000000)
  region size 4096K, 94 young (385024K), 2 survivors (8192K)
 Metaspace       used 126518K, committed 128064K, reserved 1179648K
  class space    used 17166K, committed 17856K, reserved 1048576K
}
Event: 128.749 GC heap after
{Heap after GC invocations=75 (full 0):
 garbage-first heap   total 802816K, used 301311K [0x00000006e0000000, 0x0000000800000000)
  region size 4096K, 4 young (16384K), 4 survivors (16384K)
 Metaspace       used 126518K, committed 128064K, reserved 1179648K
  class space    used 17166K, committed 17856K, reserved 1048576K
}
Event: 129.331 GC heap before
{Heap before GC invocations=76 (full 0):
 garbage-first heap   total 802816K, used 669951K [0x00000006e0000000, 0x0000000800000000)
  region size 4096K, 95 young (389120K), 4 survivors (16384K)
 Metaspace       used 126702K, committed 128192K, reserved 1179648K
  class space    used 17171K, committed 17856K, reserved 1048576K
}
Event: 129.358 GC heap after
{Heap after GC invocations=77 (full 0):
 garbage-first heap   total 802816K, used 338957K [0x00000006e0000000, 0x0000000800000000)
  region size 4096K, 12 young (49152K), 12 survivors (49152K)
 Metaspace       used 126702K, committed 128192K, reserved 1179648K
  class space    used 17171K, committed 17856K, reserved 1048576K
}
Event: 129.364 GC heap before
{Heap before GC invocations=77 (full 0):
 garbage-first heap   total 802816K, used 343053K [0x00000006e0000000, 0x0000000800000000)
  region size 4096K, 13 young (53248K), 12 survivors (49152K)
 Metaspace       used 126702K, committed 128192K, reserved 1179648K
  class space    used 17171K, committed 17856K, reserved 1048576K
}

